MeasureData/app/build/intermediates/manifest_merge_blame_file/debug/manifest-merger-blame-debug-report.txt
1<?xml version="1.0" encoding="utf-8"?>
2<!--
3  ~ Copyright 2021 The Android Open Source Project
4  ~
5  ~ Licensed under the Apache License, Version 2.0 (the "License");
6  ~ you may not use this file except in compliance with the License.
7  ~ You may obtain a copy of the License at
8  ~
9  ~     https://www.apache.org/licenses/LICENSE-2.0
10  ~
11  ~ Unless required by applicable law or agreed to in writing, software
12  ~ distributed under the License is distributed on an "AS IS" BASIS,
13  ~ WITHOUT WARRANTIES OR CONDITIONS OF ANY KIND, either express or implied.
14  ~ See the License for the specific language governing permissions and
15  ~ limitations under the License.
16-->
17<manifest xmlns:android="http://schemas.android.com/apk/res/android"
18    package="com.example.measuredata"
19    android:versionCode="1"
20    android:versionName="1.0" >
21
22    <uses-sdk
23        android:minSdkVersion="30"
23-->src\main\AndroidManifest.xml
24        android:targetSdkVersion="30" />
24-->src\main\AndroidManifest.xml
25
26    <uses-feature android:name="android.hardware.type.watch" />
26-->src\main\AndroidManifest.xml:21:5-64
26-->src\main\AndroidManifest.xml:21:19-61
27
28    <!-- For receiving heart rate data. -->
29    <uses-permission android:name="android.permission.BODY_SENSORS" />
29-->src\main\AndroidManifest.xml:24:5-71
29-->src\main\AndroidManifest.xml:24:22-68
30
31    <!-- For network access. -->
32    <uses-permission android:name="android.permission.INTERNET" />
32-->src\main\AndroidManifest.xml:27:5-67
32-->src\main\AndroidManifest.xml:27:22-64
33    <uses-permission android:name="android.permission.ACCESS_NETWORK_STATE" />
33-->src\main\AndroidManifest.xml:28:5-79
33-->src\main\AndroidManifest.xml:28:22-76
34
35    <!--
36         When an app targets Android 11 (API level 30) or higher and queries for information about
37         the other apps that are installed on a device, the system filters this information by
38         default. Adding the query field allows Health Services to recognize the app.
39         See https://developer.android.com/training/package-visibility.
40    -->
41    <queries>
41-->src\main\AndroidManifest.xml:35:5-37:15
42        <package android:name="com.google.android.wearable.healthservices" />
42-->src\main\AndroidManifest.xml:36:9-78
42-->src\main\AndroidManifest.xml:36:18-75
43    </queries>
44
45    <uses-permission android:name="android.permission.WAKE_LOCK" />
45-->[androidx.work:work-runtime:2.3.4] AndroidManifest.xml:25:5-68
45-->[androidx.work:work-runtime:2.3.4] AndroidManifest.xml:25:22-65
46    <uses-permission android:name="android.permission.RECEIVE_BOOT_COMPLETED" />
46-->[androidx.work:work-runtime:2.3.4] AndroidManifest.xml:27:5-81
46-->[androidx.work:work-runtime:2.3.4] AndroidManifest.xml:27:22-78
47    <uses-permission android:name="android.permission.FOREGROUND_SERVICE" />
47-->[androidx.work:work-runtime:2.3.4] AndroidManifest.xml:28:5-77
47-->[androidx.work:work-runtime:2.3.4] AndroidManifest.xml:28:22-74
48
49    <permission
49-->[androidx.core:core:1.9.0] AndroidManifest.xml:22:5-24:47
50        android:name="com.example.measuredata.DYNAMIC_RECEIVER_NOT_EXPORTED_PERMISSION"
50-->[androidx.core:core:1.9.0] AndroidManifest.xml:23:9-81
51        android:protectionLevel="signature" />
51-->[androidx.core:core:1.9.0] AndroidManifest.xml:24:9-44
52
53    <uses-permission android:name="com.example.measuredata.DYNAMIC_RECEIVER_NOT_EXPORTED_PERMISSION" />
53-->[androidx.core:core:1.9.0] AndroidManifest.xml:26:5-97
53-->[androidx.core:core:1.9.0] AndroidManifest.xml:26:22-94
54
55    <application
55-->src\main\AndroidManifest.xml:39:5-65:19
56        android:name="com.example.measuredata.MainApplication"
56-->src\main\AndroidManifest.xml:40:9-63
57        android:allowBackup="true"
57-->src\main\AndroidManifest.xml:42:9-35
58        android:appComponentFactory="androidx.core.app.CoreComponentFactory"
58-->[androidx.core:core:1.9.0] AndroidManifest.xml:28:18-86
59        android:debuggable="true"
60        android:extractNativeLibs="false"
61        android:icon="@mipmap/ic_launcher"
61-->src\main\AndroidManifest.xml:43:9-43
62        android:label="@string/app_name"
62-->src\main\AndroidManifest.xml:44:9-41
63        android:roundIcon="@mipmap/ic_launcher_round"
63-->src\main\AndroidManifest.xml:45:9-54
64        android:supportsRtl="true"
64-->src\main\AndroidManifest.xml:46:9-35
65        android:testOnly="true"
66        android:theme="@style/AppTheme"
66-->src\main\AndroidManifest.xml:47:9-40
67        android:usesCleartextTraffic="true" >
67-->src\main\AndroidManifest.xml:41:9-44
68        <uses-library
68-->src\main\AndroidManifest.xml:48:9-50:39
69            android:name="com.google.android.wearable"
69-->src\main\AndroidManifest.xml:49:13-55
70            android:required="true" />
70-->src\main\AndroidManifest.xml:50:13-36
71
72        <meta-data
72-->src\main\AndroidManifest.xml:52:9-54:36
73            android:name="com.google.android.wearable.standalone"
73-->src\main\AndroidManifest.xml:53:13-66
74            android:value="true" />
74-->src\main\AndroidManifest.xml:54:13-33
75
76        <activity
76-->src\main\AndroidManifest.xml:56:9-64:20
77            android:name="com.example.measuredata.MainActivity"
77-->src\main\AndroidManifest.xml:57:13-64
78            android:exported="true"
78-->src\main\AndroidManifest.xml:58:13-36
79            android:label="@string/app_name" >
79-->src\main\AndroidManifest.xml:59:13-45
80            <intent-filter>
80-->src\main\AndroidManifest.xml:60:13-63:29
81                <action android:name="android.intent.action.MAIN" />
81-->src\main\AndroidManifest.xml:61:17-69
81-->src\main\AndroidManifest.xml:61:25-66
82
83                <category android:name="android.intent.category.LAUNCHER" />
83-->src\main\AndroidManifest.xml:62:17-77
83-->src\main\AndroidManifest.xml:62:27-74
84            </intent-filter>
85        </activity>
86
87        <service
87-->[androidx.health:health-services-client:1.0.0-beta01] AndroidManifest.xml:24:9-31:19
88            android:name="androidx.health.services.client.VersionApiService"
88-->[androidx.health:health-services-client:1.0.0-beta01] AndroidManifest.xml:25:13-77
89            android:exported="true"
89-->[androidx.health:health-services-client:1.0.0-beta01] AndroidManifest.xml:26:13-36
90            android:permission="com.google.android.wearable.healthservices.permission.PASSIVE_DATA_BINDING" >
90-->[androidx.health:health-services-client:1.0.0-beta01] AndroidManifest.xml:27:13-108
91            <intent-filter>
91-->[androidx.health:health-services-client:1.0.0-beta01] AndroidManifest.xml:28:13-30:29
92                <action android:name="hs.versionclient.BIND" />
92-->[androidx.health:health-services-client:1.0.0-beta01] AndroidManifest.xml:29:17-64
92-->[androidx.health:health-services-client:1.0.0-beta01] AndroidManifest.xml:29:25-61
93            </intent-filter>
94        </service>
95
96        <provider
96-->[androidx.work:work-runtime:2.3.4] AndroidManifest.xml:31:9-37:35
97            android:name="androidx.work.impl.WorkManagerInitializer"
97-->[androidx.work:work-runtime:2.3.4] AndroidManifest.xml:32:13-69
98            android:authorities="com.example.measuredata.workmanager-init"
98-->[androidx.work:work-runtime:2.3.4] AndroidManifest.xml:33:13-68
99            android:directBootAware="false"
99-->[androidx.work:work-runtime:2.3.4] AndroidManifest.xml:34:13-44
100            android:exported="false"
100-->[androidx.work:work-runtime:2.3.4] AndroidManifest.xml:35:13-37
101            android:multiprocess="true" />
101-->[androidx.work:work-runtime:2.3.4] AndroidManifest.xml:36:13-40
102
103        <service
103-->[androidx.work:work-runtime:2.3.4] AndroidManifest.xml:39:9-44:35
104            android:name="androidx.work.impl.background.systemalarm.SystemAlarmService"
104-->[androidx.work:work-runtime:2.3.4] AndroidManifest.xml:40:13-88
105            android:directBootAware="false"
105-->[androidx.work:work-runtime:2.3.4] AndroidManifest.xml:41:13-44
106            android:enabled="@bool/enable_system_alarm_service_default"
106-->[androidx.work:work-runtime:2.3.4] AndroidManifest.xml:42:13-72
107            android:exported="false" />
107-->[androidx.work:work-runtime:2.3.4] AndroidManifest.xml:43:13-37
108        <service
108-->[androidx.work:work-runtime:2.3.4] AndroidManifest.xml:45:9-51:35
109            android:name="androidx.work.impl.background.systemjob.SystemJobService"
109-->[androidx.work:work-runtime:2.3.4] AndroidManifest.xml:46:13-84
110            android:directBootAware="false"
110-->[androidx.work:work-runtime:2.3.4] AndroidManifest.xml:47:13-44
111            android:enabled="@bool/enable_system_job_service_default"
111-->[androidx.work:work-runtime:2.3.4] AndroidManifest.xml:48:13-70
112            android:exported="true"
112-->[androidx.work:work-runtime:2.3.4] AndroidManifest.xml:49:13-36
113            android:permission="android.permission.BIND_JOB_SERVICE" />
113-->[androidx.work:work-runtime:2.3.4] AndroidManifest.xml:50:13-69
114        <service
114-->[androidx.work:work-runtime:2.3.4] AndroidManifest.xml:52:9-57:35
115            android:name="androidx.work.impl.foreground.SystemForegroundService"
115-->[androidx.work:work-runtime:2.3.4] AndroidManifest.xml:53:13-81
116            android:directBootAware="false"
116-->[androidx.work:work-runtime:2.3.4] AndroidManifest.xml:54:13-44
117            android:enabled="@bool/enable_system_foreground_service_default"
117-->[androidx.work:work-runtime:2.3.4] AndroidManifest.xml:55:13-77
118            android:exported="false" />
118-->[androidx.work:work-runtime:2.3.4] AndroidManifest.xml:56:13-37
119
120        <receiver
120-->[androidx.work:work-runtime:2.3.4] AndroidManifest.xml:59:9-64:35
121            android:name="androidx.work.impl.utils.ForceStopRunnable$BroadcastReceiver"
121-->[androidx.work:work-runtime:2.3.4] AndroidManifest.xml:60:13-88
122            android:directBootAware="false"
122-->[androidx.work:work-runtime:2.3.4] AndroidManifest.xml:61:13-44
123            android:enabled="true"
123-->[androidx.work:work-runtime:2.3.4] AndroidManifest.xml:62:13-35
124            android:exported="false" />
124-->[androidx.work:work-runtime:2.3.4] AndroidManifest.xml:63:13-37
125        <receiver
125-->[androidx.work:work-runtime:2.3.4] AndroidManifest.xml:65:9-75:20
126            android:name="androidx.work.impl.background.systemalarm.ConstraintProxy$BatteryChargingProxy"
126-->[androidx.work:work-runtime:2.3.4] AndroidManifest.xml:66:13-106
127            android:directBootAware="false"
127-->[androidx.work:work-runtime:2.3.4] AndroidManifest.xml:67:13-44
128            android:enabled="false"
128-->[androidx.work:work-runtime:2.3.4] AndroidManifest.xml:68:13-36
129            android:exported="false" >
129-->[androidx.work:work-runtime:2.3.4] AndroidManifest.xml:69:13-37
130            <intent-filter>
130-->[androidx.work:work-runtime:2.3.4] AndroidManifest.xml:71:13-74:29
131                <action android:name="android.intent.action.ACTION_POWER_CONNECTED" />
131-->[androidx.work:work-runtime:2.3.4] AndroidManifest.xml:72:17-87
131-->[androidx.work:work-runtime:2.3.4] AndroidManifest.xml:72:25-84
132                <action android:name="android.intent.action.ACTION_POWER_DISCONNECTED" />
132-->[androidx.work:work-runtime:2.3.4] AndroidManifest.xml:73:17-90
132-->[androidx.work:work-runtime:2.3.4] AndroidManifest.xml:73:25-87
133            </intent-filter>
134        </receiver>
135        <receiver
135-->[androidx.work:work-runtime:2.3.4] AndroidManifest.xml:76:9-86:20
136            android:name="androidx.work.impl.background.systemalarm.ConstraintProxy$BatteryNotLowProxy"
136-->[androidx.work:work-runtime:2.3.4] AndroidManifest.xml:77:13-104
137            android:directBootAware="false"
137-->[androidx.work:work-runtime:2.3.4] AndroidManifest.xml:78:13-44
138            android:enabled="false"
138-->[androidx.work:work-runtime:2.3.4] AndroidManifest.xml:79:13-36
139            android:exported="false" >
139-->[androidx.work:work-runtime:2.3.4] AndroidManifest.xml:80:13-37
140            <intent-filter>
140-->[androidx.work:work-runtime:2.3.4] AndroidManifest.xml:82:13-85:29
141                <action android:name="android.intent.action.BATTERY_OKAY" />
141-->[androidx.work:work-runtime:2.3.4] AndroidManifest.xml:83:17-77
141-->[androidx.work:work-runtime:2.3.4] AndroidManifest.xml:83:25-74
142                <action android:name="android.intent.action.BATTERY_LOW" />
142-->[androidx.work:work-runtime:2.3.4] AndroidManifest.xml:84:17-76
142-->[androidx.work:work-runtime:2.3.4] AndroidManifest.xml:84:25-73
143            </intent-filter>
144        </receiver>
145        <receiver
145-->[androidx.work:work-runtime:2.3.4] AndroidManifest.xml:87:9-97:20
146            android:name="androidx.work.impl.background.systemalarm.ConstraintProxy$StorageNotLowProxy"
146-->[androidx.work:work-runtime:2.3.4] AndroidManifest.xml:88:13-104
147            android:directBootAware="false"
147-->[androidx.work:work-runtime:2.3.4] AndroidManifest.xml:89:13-44
148            android:enabled="false"
148-->[androidx.work:work-runtime:2.3.4] AndroidManifest.xml:90:13-36
149            android:exported="false" >
149-->[androidx.work:work-runtime:2.3.4] AndroidManifest.xml:91:13-37
150            <intent-filter>
150-->[androidx.work:work-runtime:2.3.4] AndroidManifest.xml:93:13-96:29
151                <action android:name="android.intent.action.DEVICE_STORAGE_LOW" />
151-->[androidx.work:work-runtime:2.3.4] AndroidManifest.xml:94:17-83
151-->[androidx.work:work-runtime:2.3.4] AndroidManifest.xml:94:25-80
152                <action android:name="android.intent.action.DEVICE_STORAGE_OK" />
152-->[androidx.work:work-runtime:2.3.4] AndroidManifest.xml:95:17-82
152-->[androidx.work:work-runtime:2.3.4] AndroidManifest.xml:95:25-79
153            </intent-filter>
154        </receiver>
155        <receiver
155-->[androidx.work:work-runtime:2.3.4] AndroidManifest.xml:98:9-107:20
156            android:name="androidx.work.impl.background.systemalarm.ConstraintProxy$NetworkStateProxy"
156-->[androidx.work:work-runtime:2.3.4] AndroidManifest.xml:99:13-103
157            android:directBootAware="false"
157-->[androidx.work:work-runtime:2.3.4] AndroidManifest.xml:100:13-44
158            android:enabled="false"
158-->[androidx.work:work-runtime:2.3.4] AndroidManifest.xml:101:13-36
159            android:exported="false" >
159-->[androidx.work:work-runtime:2.3.4] AndroidManifest.xml:102:13-37
160            <intent-filter>
160-->[androidx.work:work-runtime:2.3.4] AndroidManifest.xml:104:13-106:29
161                <action android:name="android.net.conn.CONNECTIVITY_CHANGE" />
161-->[androidx.work:work-runtime:2.3.4] AndroidManifest.xml:105:17-79
161-->[androidx.work:work-runtime:2.3.4] AndroidManifest.xml:105:25-76
162            </intent-filter>
163        </receiver>
164        <receiver
164-->[androidx.work:work-runtime:2.3.4] AndroidManifest.xml:108:9-119:20
165            android:name="androidx.work.impl.background.systemalarm.RescheduleReceiver"
165-->[androidx.work:work-runtime:2.3.4] AndroidManifest.xml:109:13-88
166            android:directBootAware="false"
166-->[androidx.work:work-runtime:2.3.4] AndroidManifest.xml:110:13-44
167            android:enabled="false"
167-->[androidx.work:work-runtime:2.3.4] AndroidManifest.xml:111:13-36
168            android:exported="false" >
168-->[androidx.work:work-runtime:2.3.4] AndroidManifest.xml:112:13-37
169            <intent-filter>
169-->[androidx.work:work-runtime:2.3.4] AndroidManifest.xml:114:13-118:29
170                <action android:name="android.intent.action.BOOT_COMPLETED" />
170-->[androidx.work:work-runtime:2.3.4] AndroidManifest.xml:115:17-79
170-->[androidx.work:work-runtime:2.3.4] AndroidManifest.xml:115:25-76
171                <action android:name="android.intent.action.TIME_SET" />
171-->[androidx.work:work-runtime:2.3.4] AndroidManifest.xml:116:17-73
171-->[androidx.work:work-runtime:2.3.4] AndroidManifest.xml:116:25-70
172                <action android:name="android.intent.action.TIMEZONE_CHANGED" />
172-->[androidx.work:work-runtime:2.3.4] AndroidManifest.xml:117:17-81
172-->[androidx.work:work-runtime:2.3.4] AndroidManifest.xml:117:25-78
173            </intent-filter>
174        </receiver>
175        <receiver
175-->[androidx.work:work-runtime:2.3.4] AndroidManifest.xml:120:9-129:20
176            android:name="androidx.work.impl.background.systemalarm.ConstraintProxyUpdateReceiver"
176-->[androidx.work:work-runtime:2.3.4] AndroidManifest.xml:121:13-99
177            android:directBootAware="false"
177-->[androidx.work:work-runtime:2.3.4] AndroidManifest.xml:122:13-44
178            android:enabled="@bool/enable_system_alarm_service_default"
178-->[androidx.work:work-runtime:2.3.4] AndroidManifest.xml:123:13-72
179            android:exported="false" >
179-->[androidx.work:work-runtime:2.3.4] AndroidManifest.xml:124:13-37
180            <intent-filter>
180-->[androidx.work:work-runtime:2.3.4] AndroidManifest.xml:126:13-128:29
181                <action android:name="androidx.work.impl.background.systemalarm.UpdateProxies" />
181-->[androidx.work:work-runtime:2.3.4] AndroidManifest.xml:127:17-98
181-->[androidx.work:work-runtime:2.3.4] AndroidManifest.xml:127:25-95
182            </intent-filter>
183        </receiver>
184
185        <service
185-->[androidx.room:room-runtime:2.2.3] AndroidManifest.xml:25:9-27:40
186            android:name="androidx.room.MultiInstanceInvalidationService"
186-->[androidx.room:room-runtime:2.2.3] AndroidManifest.xml:26:13-74
187            android:exported="false" />
187-->[androidx.room:room-runtime:2.2.3] AndroidManifest.xml:27:13-37
188    </application>
189
190</manifest>